<?xml version="1.0" encoding="UTF-8"?>
<!-- Generated by org.testng.reporters.JUnitReportReporter -->
<testsuite skipped="0" hostname="priteshAdulkar" name="com.pages.Demo" tests="1" failures="0" timestamp="06 Jul 2019 18:26:16 GMT" time="15.619" errors="0">
  <testcase name="openbrowser" time="15.619" classname="com.pages.Demo"/>
</testsuite> <!-- com.pages.Demo -->
